<?xml version="1.0" encoding="UTF-8"?>
<testng-results ignored="0" total="1" passed="1" failed="0" skipped="0">
  <reporter-output>
  </reporter-output>
  <suite started-at="2021-12-13T15:55:05 IST" name="Default suite" finished-at="2021-12-13T15:55:20 IST" duration-ms="14631">
    <groups>
    </groups>
    <test started-at="2021-12-13T15:55:05 IST" name="Default test" finished-at="2021-12-13T15:55:20 IST" duration-ms="14631">
      <class name="com.rmgy.Authentication.OAuth_2_Test">
        <test-method signature="oAuth()[pri:0, instance:com.rmgy.Authentication.OAuth_2_Test@383bfa16]" started-at="2021-12-13T15:55:06 IST" name="oAuth" finished-at="2021-12-13T15:55:20 IST" duration-ms="14440" status="PASS">
          <reporter-output>
          </reporter-output>
        </test-method> <!-- oAuth -->
      </class> <!-- com.rmgy.Authentication.OAuth_2_Test -->
    </test> <!-- Default test -->
  </suite> <!-- Default suite -->
</testng-results>
